2020-05-29 15:39:47 PM [main] INFO  c.v.c.VtcConnectionSplayApplication - logStarting
2020-05-29 15:39:47 PM [main] INFO  c.v.c.VtcConnectionSplayApplication - logStartupProfileInfo
2020-05-29 15:39:47 PM [main] INFO  o.s.d.r.c.RepositoryConfigurationDelegate - registerRepositoriesIn
2020-05-29 15:39:47 PM [main] INFO  o.s.d.r.c.RepositoryConfigurationDelegate - registerRepositoriesIn
2020-05-29 15:39:48 PM [main] INFO  o.s.c.s.PostProcessorRegistrationDelegate$BeanPostProcessorChecker - postProcessAfterInitialization
2020-05-29 15:39:49 PM [main] INFO  o.s.b.w.e.tomcat.TomcatWebServer - initialize
2020-05-29 15:39:49 PM [main] INFO  o.a.coyote.http11.Http11NioProtocol - log
2020-05-29 15:39:49 PM [main] INFO  o.a.catalina.core.StandardService - log
2020-05-29 15:39:49 PM [main] INFO  o.a.catalina.core.StandardEngine - log
2020-05-29 15:39:49 PM [main] INFO  o.a.c.c.C.[Tomcat].[localhost].[/] - log
2020-05-29 15:39:49 PM [main] INFO  o.s.web.context.ContextLoader - prepareWebApplicationContext
2020-05-29 15:39:49 PM [main] INFO  com.zaxxer.hikari.HikariDataSource - getConnection
2020-05-29 15:39:49 PM [main] INFO  com.zaxxer.hikari.HikariDataSource - getConnection
2020-05-29 15:39:49 PM [main] INFO  o.h.jpa.internal.util.LogHelper - logPersistenceUnitInformation
2020-05-29 15:39:49 PM [main] INFO  org.hibernate.Version - logVersion
2020-05-29 15:39:49 PM [main] INFO  org.hibernate.cfg.Environment - <clinit>
2020-05-29 15:39:49 PM [main] INFO  o.h.annotations.common.Version - <clinit>
2020-05-29 15:39:50 PM [main] INFO  org.hibernate.dialect.Dialect - <init>
2020-05-29 15:39:51 PM [main] INFO  o.h.h.i.QueryTranslatorFactoryInitiator - initiateService
2020-05-29 15:39:51 PM [main] INFO  o.s.o.j.LocalContainerEntityManagerFactoryBean - buildNativeEntityManagerFactory
2020-05-29 15:39:52 PM [main] WARN  o.s.b.a.o.j.JpaBaseConfiguration$JpaWebConfiguration$JpaWebMvcConfiguration - openEntityManagerInViewInterceptor
2020-05-29 15:39:52 PM [main] INFO  o.a.coyote.http11.Http11NioProtocol - log
2020-05-29 15:39:52 PM [main] INFO  o.s.b.w.e.tomcat.TomcatWebServer - start
2020-05-29 15:39:52 PM [main] INFO  c.v.c.VtcConnectionSplayApplication - logStarted
2020-05-29 15:54:15 PM [http-nio-8082-exec-1] INFO  o.a.c.c.C.[Tomcat].[localhost].[/] - log
2020-05-29 15:54:15 PM [http-nio-8082-exec-1] INFO  o.s.web.servlet.DispatcherServlet - initServletBean
2020-05-29 15:54:15 PM [http-nio-8082-exec-1] INFO  o.s.web.servlet.DispatcherServlet - initServletBean
2020-05-29 15:54:15 PM [http-nio-8082-exec-1] WARN  o.s.web.servlet.PageNotFound - noHandlerFound
2020-05-29 15:54:16 PM [http-nio-8082-exec-2] WARN  o.s.web.servlet.PageNotFound - noHandlerFound
2020-05-29 15:58:49 PM [http-nio-8082-exec-5] WARN  o.s.web.servlet.PageNotFound - noHandlerFound
2020-05-29 15:58:52 PM [http-nio-8082-exec-6] WARN  o.s.web.servlet.PageNotFound - noHandlerFound
2020-05-29 16:22:03 PM [Thread-3] INFO  o.s.o.j.LocalContainerEntityManagerFactoryBean - destroy
