2019-12-18 11:26:58 AM [main] INFO  c.v.c.VtcConnectionSplayApplication - logStarting
2019-12-18 11:26:58 AM [main] INFO  c.v.c.VtcConnectionSplayApplication - logStartupProfileInfo
2019-12-18 11:26:59 AM [main] INFO  o.s.d.r.c.RepositoryConfigurationDelegate - registerRepositoriesIn
2019-12-18 11:26:59 AM [main] INFO  o.s.d.r.c.RepositoryConfigurationDelegate - registerRepositoriesIn
2019-12-18 11:26:59 AM [main] INFO  o.s.d.r.c.RepositoryConfigurationDelegate - registerRepositoriesIn
2019-12-18 11:26:59 AM [main] INFO  o.s.d.r.c.RepositoryConfigurationDelegate - registerRepositoriesIn
2019-12-18 11:27:00 AM [main] INFO  o.s.c.s.PostProcessorRegistrationDelegate$BeanPostProcessorChecker - postProcessAfterInitialization
2019-12-18 11:27:00 AM [main] INFO  o.s.c.s.PostProcessorRegistrationDelegate$BeanPostProcessorChecker - postProcessAfterInitialization
2019-12-18 11:27:00 AM [main] INFO  o.s.c.s.PostProcessorRegistrationDelegate$BeanPostProcessorChecker - postProcessAfterInitialization
2019-12-18 11:27:00 AM [main] INFO  o.s.c.s.PostProcessorRegistrationDelegate$BeanPostProcessorChecker - postProcessAfterInitialization
2019-12-18 11:27:00 AM [main] INFO  o.s.c.s.PostProcessorRegistrationDelegate$BeanPostProcessorChecker - postProcessAfterInitialization
2019-12-18 11:27:00 AM [main] INFO  o.s.c.s.PostProcessorRegistrationDelegate$BeanPostProcessorChecker - postProcessAfterInitialization
2019-12-18 11:27:01 AM [main] INFO  o.s.b.w.e.tomcat.TomcatWebServer - initialize
2019-12-18 11:27:01 AM [main] INFO  o.a.coyote.http11.Http11NioProtocol - log
2019-12-18 11:27:01 AM [main] INFO  o.a.catalina.core.StandardService - log
2019-12-18 11:27:01 AM [main] INFO  o.a.catalina.core.StandardEngine - log
2019-12-18 11:27:01 AM [main] INFO  o.a.c.c.C.[Tomcat].[localhost].[/] - log
2019-12-18 11:27:01 AM [main] INFO  o.s.web.context.ContextLoader - prepareWebApplicationContext
2019-12-18 11:27:02 AM [main] INFO  com.zaxxer.hikari.HikariDataSource - getConnection
2019-12-18 11:27:02 AM [main] INFO  com.zaxxer.hikari.HikariDataSource - getConnection
2019-12-18 11:27:02 AM [main] INFO  o.h.jpa.internal.util.LogHelper - logPersistenceUnitInformation
2019-12-18 11:27:02 AM [main] INFO  org.hibernate.Version - logVersion
2019-12-18 11:27:02 AM [main] INFO  org.hibernate.cfg.Environment - <clinit>
2019-12-18 11:27:03 AM [main] INFO  o.h.annotations.common.Version - <clinit>
2019-12-18 11:27:03 AM [main] INFO  org.hibernate.dialect.Dialect - <init>
2019-12-18 11:27:04 AM [main] INFO  o.h.h.i.QueryTranslatorFactoryInitiator - initiateService
2019-12-18 11:27:04 AM [main] INFO  o.s.o.j.LocalContainerEntityManagerFactoryBean - buildNativeEntityManagerFactory
2019-12-18 11:27:06 AM [main] WARN  o.s.b.a.o.j.JpaBaseConfiguration$JpaWebConfiguration$JpaWebMvcConfiguration - openEntityManagerInViewInterceptor
2019-12-18 11:27:07 AM [main] INFO  o.s.s.web.DefaultSecurityFilterChain - <init>
2019-12-18 11:27:07 AM [main] INFO  o.s.b.a.s.s.UserDetailsServiceAutoConfiguration - getOrDeducePassword
2019-12-18 11:27:07 AM [main] INFO  o.a.coyote.http11.Http11NioProtocol - log
2019-12-18 11:27:08 AM [main] INFO  o.s.b.w.e.tomcat.TomcatWebServer - start
2019-12-18 11:27:08 AM [main] INFO  c.v.c.VtcConnectionSplayApplication - logStarted
