2019-10-25 11:45:49 AM [main] ERROR o.s.boot.SpringApplication - reportFailure
java.lang.IllegalStateException: Logback configuration error detected: 
ERROR in ch.qos.logback.core.joran.action.AppenderRefAction - Could not find an appender named [fileAppender ]. Did you define it below instead of above in the configuration file?
ERROR in ch.qos.logback.core.joran.action.AppenderRefAction - See http://logback.qos.ch/codes.html#appender_order for more details.
	at org.springframework.boot.logging.logback.LogbackLoggingSystem.loadConfiguration(LogbackLoggingSystem.java:169)
	at org.springframework.boot.logging.logback.LogbackLoggingSystem.reinitialize(LogbackLoggingSystem.java:224)
	at org.springframework.boot.logging.AbstractLoggingSystem.initializeWithConventions(AbstractLoggingSystem.java:75)
	at org.springframework.boot.logging.AbstractLoggingSystem.initialize(AbstractLoggingSystem.java:60)
	at org.springframework.boot.logging.logback.LogbackLoggingSystem.initialize(LogbackLoggingSystem.java:117)
	at org.springframework.boot.context.logging.LoggingApplicationListener.initializeSystem(LoggingApplicationListener.java:292)
	at org.springframework.boot.context.logging.LoggingApplicationListener.initialize(LoggingApplicationListener.java:265)
	at org.springframework.boot.context.logging.LoggingApplicationListener.onApplicationEnvironmentPreparedEvent(LoggingApplicationListener.java:228)
	at org.springframework.boot.context.logging.LoggingApplicationListener.onApplicationEvent(LoggingApplicationListener.java:201)
	at org.springframework.context.event.SimpleApplicationEventMulticaster.doInvokeListener(SimpleApplicationEventMulticaster.java:172)
	at org.springframework.context.event.SimpleApplicationEventMulticaster.invokeListener(SimpleApplicationEventMulticaster.java:165)
	at org.springframework.context.event.SimpleApplicationEventMulticaster.multicastEvent(SimpleApplicationEventMulticaster.java:139)
	at org.springframework.context.event.SimpleApplicationEventMulticaster.multicastEvent(SimpleApplicationEventMulticaster.java:127)
	at org.springframework.boot.context.event.EventPublishingRunListener.environmentPrepared(EventPublishingRunListener.java:75)
	at org.springframework.boot.SpringApplicationRunListeners.environmentPrepared(SpringApplicationRunListeners.java:54)
	at org.springframework.boot.SpringApplication.prepareEnvironment(SpringApplication.java:347)
	at org.springframework.boot.SpringApplication.run(SpringApplication.java:306)
	at org.springframework.boot.SpringApplication.run(SpringApplication.java:1260)
	at org.springframework.boot.SpringApplication.run(SpringApplication.java:1248)
	at com.vtc.connection.VtcConnectionSplayApplication.main(VtcConnectionSplayApplication.java:20)
	at java.base/jdk.internal.reflect.NativeMethodAccessorImpl.invoke0(Native Method)
	at java.base/jdk.internal.reflect.NativeMethodAccessorImpl.invoke(NativeMethodAccessorImpl.java:62)
	at java.base/jdk.internal.reflect.DelegatingMethodAccessorImpl.invoke(DelegatingMethodAccessorImpl.java:43)
	at java.base/java.lang.reflect.Method.invoke(Method.java:566)
	at org.springframework.boot.maven.AbstractRunMojo$LaunchRunner.run(AbstractRunMojo.java:558)
	at java.base/java.lang.Thread.run(Thread.java:834)
2019-10-25 13:00:10 PM [main] INFO  c.v.c.VtcConnectionSplayApplication - logStarting
2019-10-25 13:00:10 PM [main] DEBUG c.v.c.VtcConnectionSplayApplication - logStarting
2019-10-25 13:00:10 PM [main] INFO  c.v.c.VtcConnectionSplayApplication - logStartupProfileInfo
2019-10-25 13:00:11 PM [main] INFO  o.s.d.r.c.RepositoryConfigurationDelegate - registerRepositoriesIn
2019-10-25 13:00:11 PM [main] INFO  o.s.d.r.c.RepositoryConfigurationDelegate - registerRepositoriesIn
2019-10-25 13:00:11 PM [main] INFO  o.s.d.r.c.RepositoryConfigurationDelegate - registerRepositoriesIn
2019-10-25 13:00:11 PM [main] INFO  o.s.d.r.c.RepositoryConfigurationDelegate - registerRepositoriesIn
2019-10-25 13:00:12 PM [main] INFO  o.s.c.s.PostProcessorRegistrationDelegate$BeanPostProcessorChecker - postProcessAfterInitialization
2019-10-25 13:00:12 PM [main] INFO  o.s.c.s.PostProcessorRegistrationDelegate$BeanPostProcessorChecker - postProcessAfterInitialization
2019-10-25 13:00:12 PM [main] INFO  o.s.c.s.PostProcessorRegistrationDelegate$BeanPostProcessorChecker - postProcessAfterInitialization
2019-10-25 13:00:12 PM [main] INFO  o.s.c.s.PostProcessorRegistrationDelegate$BeanPostProcessorChecker - postProcessAfterInitialization
2019-10-25 13:00:12 PM [main] INFO  o.s.c.s.PostProcessorRegistrationDelegate$BeanPostProcessorChecker - postProcessAfterInitialization
2019-10-25 13:00:12 PM [main] INFO  o.s.c.s.PostProcessorRegistrationDelegate$BeanPostProcessorChecker - postProcessAfterInitialization
2019-10-25 13:00:14 PM [main] INFO  o.s.b.w.e.tomcat.TomcatWebServer - initialize
2019-10-25 13:00:14 PM [main] INFO  o.a.coyote.http11.Http11NioProtocol - log
2019-10-25 13:00:14 PM [main] INFO  o.a.catalina.core.StandardService - log
2019-10-25 13:00:14 PM [main] INFO  o.a.catalina.core.StandardEngine - log
2019-10-25 13:00:14 PM [main] INFO  o.a.c.c.C.[Tomcat].[localhost].[/] - log
2019-10-25 13:00:14 PM [main] INFO  o.s.web.context.ContextLoader - prepareWebApplicationContext
2019-10-25 13:00:14 PM [main] INFO  com.zaxxer.hikari.HikariDataSource - getConnection
2019-10-25 13:00:15 PM [main] INFO  com.zaxxer.hikari.HikariDataSource - getConnection
2019-10-25 13:00:15 PM [main] INFO  o.h.jpa.internal.util.LogHelper - logPersistenceUnitInformation
2019-10-25 13:00:15 PM [main] INFO  org.hibernate.Version - logVersion
2019-10-25 13:00:15 PM [main] INFO  org.hibernate.cfg.Environment - <clinit>
2019-10-25 13:00:15 PM [main] INFO  o.h.annotations.common.Version - <clinit>
2019-10-25 13:00:15 PM [main] INFO  org.hibernate.dialect.Dialect - <init>
2019-10-25 13:00:17 PM [main] INFO  o.h.h.i.QueryTranslatorFactoryInitiator - initiateService
2019-10-25 13:00:17 PM [main] INFO  o.s.o.j.LocalContainerEntityManagerFactoryBean - buildNativeEntityManagerFactory
2019-10-25 13:00:18 PM [main] WARN  o.s.b.a.o.j.JpaBaseConfiguration$JpaWebConfiguration$JpaWebMvcConfiguration - openEntityManagerInViewInterceptor
2019-10-25 13:00:19 PM [main] INFO  o.s.s.web.DefaultSecurityFilterChain - <init>
2019-10-25 13:00:19 PM [main] INFO  o.s.b.a.s.s.UserDetailsServiceAutoConfiguration - getOrDeducePassword
2019-10-25 13:00:19 PM [main] INFO  o.a.coyote.http11.Http11NioProtocol - log
2019-10-25 13:00:19 PM [main] INFO  o.s.b.w.e.tomcat.TomcatWebServer - start
2019-10-25 13:00:19 PM [main] INFO  c.v.c.VtcConnectionSplayApplication - logStarted
2019-10-25 13:01:51 PM [Thread-4] INFO  o.s.o.j.LocalContainerEntityManagerFactoryBean - destroy
2019-10-25 13:01:51 PM [Thread-4] INFO  com.zaxxer.hikari.HikariDataSource - close
2019-10-25 13:01:51 PM [Thread-4] INFO  com.zaxxer.hikari.HikariDataSource - close
